<?xml version="1.0" encoding="UTF-8"?>
<!-- Generated by org.testng.reporters.JUnitReportReporter -->
<testsuite hostname="Tahera_Atbin" failures="0" tests="5" name="com.saucedemo.testscripts.TestRunner" time="15.712" errors="0" timestamp="2023-04-20T07:54:41 EDT" skipped="0">
  <testcase classname="com.saucedemo.testscripts.TestRunner" name="runScenario" time="2.088"/>
  <system-out/>
  <testcase classname="com.saucedemo.testscripts.TestRunner" name="runScenario" time="1.616"/>
  <system-out/>
  <testcase classname="com.saucedemo.testscripts.TestRunner" name="runScenario" time="2.997"/>
  <system-out/>
  <testcase classname="com.saucedemo.testscripts.TestRunner" name="runScenario" time="1.822"/>
  <system-out/>
  <testcase classname="com.saucedemo.testscripts.TestRunner" name="runScenario" time="7.189"/>
  <system-out/>
</testsuite> <!-- com.saucedemo.testscripts.TestRunner -->
