<?xml version="1.0" encoding="UTF-8"?>
<!-- Generated by org.testng.reporters.JUnitReportReporter -->
<testsuite hostname="Tahera_Atbin" failures="0" tests="1" name="com.saucedemo.testscripts.FirstScenarioTest" time="0.837" errors="0" timestamp="2023-04-18T23:05:39 EDT" skipped="0">
  <testcase classname="com.saucedemo.testscripts.FirstScenarioTest" name="buyTwoProdcts" time="0.837"/>
  <system-out/>
</testsuite> <!-- com.saucedemo.testscripts.FirstScenarioTest -->
