<?xml version="1.0" encoding="UTF-8"?>
<!-- Generated by org.testng.reporters.JUnitReportReporter -->
<testsuite hostname="Tahera_Atbin" failures="0" tests="1" name="com.saucedemo.testscripts.VerifySccsMsg1Scen" time="0.614" errors="0" timestamp="2023-04-11T17:35:12 EDT" skipped="0">
  <testcase classname="com.saucedemo.testscripts.VerifySccsMsg1Scen" name="buyTwoProdcts" time="0.614"/>
  <system-out/>
</testsuite> <!-- com.saucedemo.testscripts.VerifySccsMsg1Scen -->
